<?xml version="1.0" encoding="UTF-8"?>
<testsuite xmlns:xsi="http://www.w3.org/2001/XMLSchema-instance" xsi:noNamespaceSchemaLocation="https://maven.apache.org/surefire/maven-surefire-plugin/xsd/surefire-test-report.xsd" version="3.0.2" name="br.com.olik.asigntest.WalletServiceTest" time="1.085" tests="3" errors="0" skipped="0" failures="0">
  <properties>
[...]
</properties>
  <testcase name="deveRealizarTransacaoComSaldoPositivo" classname="br.com.olik.asigntest.WalletServiceTest" time="1.059">
    <system-out><![CDATA[20:39:01.973 [main] INFO br.com.olik.asigntest.WalletService -- Start Transaction TransactionDto(userId=1, amount=25.00)
20:39:01.985 [main] INFO br.com.olik.asigntest.WalletService -- Wallet atualizada: Wallet(id=null, userId=1, amount=75.00, type=ITAU)
]]></system-out>
    <system-err><![CDATA[Mockito is currently self-attaching to enable the inline-mock-maker. This will no longer work in future releases of the JDK. Please add Mockito as an agent to your build as described in Mockito's documentation: https://javadoc.io/doc/org.mockito/mockito-core/latest/org.mockito/org/mockito/Mockito.html#0.3
WARNING: A Java agent has been loaded dynamically (/Users/fredericocarvalhodealmeidaazevedo/.m2/repository/net/bytebuddy/byte-buddy-agent/1.17.5/byte-buddy-agent-1.17.5.jar)
WARNING: If a serviceability tool is in use, please run with -XX:+EnableDynamicAgentLoading to hide this warning
WARNING: If a serviceability tool is not in use, please run with -Djdk.instrument.traceUsage for more information
WARNING: Dynamic loading of agents will be disallowed by default in a future release
]]></system-err>
  </testcase>
  <testcase name="deveLancarExcecaoQuandoSaldoNegativoParaItau" classname="br.com.olik.asigntest.WalletServiceTest" time="0.004">
    <system-out><![CDATA[20:39:02.009 [main] INFO br.com.olik.asigntest.WalletService -- Start Transaction TransactionDto(userId=1, amount=0)
]]></system-out>
  </testcase>
  <testcase name="deveRetornarSaldoDoUsuario" classname="br.com.olik.asigntest.WalletServiceTest" time="0.001"/>
</testsuite>